C:\PRJ\MYGAME2\PROJ.WIN32\DEBUG.WIN32\APPDELEGATE.OBJ
C:\PRJ\MYGAME2\PROJ.WIN32\DEBUG.WIN32\VISIBLERECT.OBJ
C:\PRJ\MYGAME2\PROJ.WIN32\DEBUG.WIN32\MAIN.OBJ
C:\PRJ\MYGAME2\PROJ.WIN32\DEBUG.WIN32\HELLOWORLDSCENE.OBJ
C:\PRJ\MYGAME2\PROJ.WIN32\DEBUG.WIN32\VC110.PDB
C:\PRJ\MYGAME2\PROJ.WIN32\DEBUG.WIN32\MYGAME2.ILK
C:\PRJ\MYGAME2\PROJ.WIN32\DEBUG.WIN32\MYGAME2.EXE
C:\PRJ\MYGAME2\PROJ.WIN32\DEBUG.WIN32\MYGAME2.PDB
C:\PRJ\MYGAME2\PROJ.WIN32\DEBUG.WIN32\GAME.RES
C:\prj\MyGame2\proj.win32\Debug.win32\MyGame2.vcxprojResolveAssemblyReference.cache
C:\prj\MyGame2\proj.win32\Debug.win32\AppDelegate.obj
C:\prj\MyGame2\proj.win32\Debug.win32\HelloWorldScene.obj
C:\prj\MyGame2\proj.win32\Debug.win32\main.obj
C:\prj\MyGame2\proj.win32\Debug.win32\VisibleRect.obj
C:\prj\MyGame2\proj.win32\Debug.win32\MyGame2.ilk
C:\prj\MyGame2\proj.win32\Debug.win32\CL.5300.read.1.tlog
C:\prj\MyGame2\proj.win32\Debug.win32\CL.5300.write.1.tlog
C:\prj\MyGame2\proj.win32\Debug.win32\CL.5400.read.1.tlog
C:\prj\MyGame2\proj.win32\Debug.win32\CL.5400.write.1.tlog
C:\prj\MyGame2\proj.win32\Debug.win32\CL.5456.read.1.tlog
C:\prj\MyGame2\proj.win32\Debug.win32\CL.5456.write.1.tlog
C:\prj\MyGame2\proj.win32\Debug.win32\CL.6332.read.1.tlog
C:\prj\MyGame2\proj.win32\Debug.win32\CL.6332.write.1.tlog
C:\prj\MyGame2\proj.win32\Debug.win32\cl.command.1.tlog
C:\prj\MyGame2\proj.win32\Debug.win32\CL.read.1.tlog
C:\prj\MyGame2\proj.win32\Debug.win32\cl.write.1.tlog
C:\prj\MyGame2\proj.win32\Debug.win32\link-cvtres.read.1.tlog
C:\prj\MyGame2\proj.win32\Debug.win32\link-cvtres.write.1.tlog
C:\prj\MyGame2\proj.win32\Debug.win32\link-rc.read.1.tlog
C:\prj\MyGame2\proj.win32\Debug.win32\link-rc.write.1.tlog
C:\prj\MyGame2\proj.win32\Debug.win32\link.7012-cvtres.read.1.tlog
C:\prj\MyGame2\proj.win32\Debug.win32\link.7012-cvtres.write.1.tlog
C:\prj\MyGame2\proj.win32\Debug.win32\link.7012-rc.read.1.tlog
C:\prj\MyGame2\proj.win32\Debug.win32\link.7012-rc.write.1.tlog
C:\prj\MyGame2\proj.win32\Debug.win32\link.7012.read.1.tlog
C:\prj\MyGame2\proj.win32\Debug.win32\link.7012.write.1.tlog
C:\prj\MyGame2\proj.win32\Debug.win32\link.command.1.tlog
C:\prj\MyGame2\proj.win32\Debug.win32\link.read.1.tlog
C:\prj\MyGame2\proj.win32\Debug.win32\link.write.1.tlog
C:\prj\MyGame2\proj.win32\Debug.win32\rc.command.1.tlog
C:\prj\MyGame2\proj.win32\Debug.win32\rc.read.1.tlog
C:\prj\MyGame2\proj.win32\Debug.win32\rc.write.1.tlog
C:\prj\MyGame2\proj.win32\Debug.win32\game.res
C:\prj\MyGame2\proj.win32\Debug.win32\vc110.idb
C:\prj\MyGame2\proj.win32\Debug.win32\MyGame2.pdb
C:\prj\MyGame2\proj.win32\Debug.win32\vc110.pdb
C:\prj\MyGame2\proj.win32\Debug.win32\MyGame2.exe
